---------------------------------------------------------------
[ 2018-07-24T10:41:39+08:00 ] 192.168.33.1 POST /admin/upload/upload
[ info ] canada.barry.umdev.cn/admin/upload/upload [运行时间：0.133375s][吞吐率：7.50req/s] [内存消耗：2,654.78kb] [文件加载：46]
[ info ] [ LANG ] /VagrantShare/CanadaChild-api/thinkphp/lang/zh-cn.php
[ info ] [ ROUTE ] array (
  'type' => 'module',
  'module' => 
  array (
    0 => 'admin',
    1 => 'upload',
    2 => 'upload',
  ),
)
[ info ] [ HEADER ] array (
  'cookie' => '_ga=GA1.1.320177568.1531703465; language=zh; PHPSESSID=hc6s5f9v7jq3ibt0ldauf70o92; Admin-Token=undefined; sidebarStatus=0',
  'accept-language' => 'zh-CN,zh;q=0.9,en;q=0.8,und;q=0.7',
  'accept-encoding' => 'gzip, deflate, br',
  'referer' => 'http://localhost:9527/article/create',
  'accept' => '*/*',
  'content-type' => 'multipart/form-data; boundary=----WebKitFormBoundary1qf3GS3Zzr0OJZsu',
  'user-agent' => 'Mozilla/5.0 (Macintosh; Intel Mac OS X 10_13_6) AppleWebKit/537.36 (KHTML, like Gecko) Chrome/67.0.3396.99 Safari/537.36',
  'origin' => 'http://localhost:9527',
  'content-length' => '45887',
  'connection' => 'close',
  'host' => 'canada.barry.umdev.cn',
)
[ info ] [ PARAM ] array (
  'token' => '',
  'key' => '',
)
[ info ] [ SESSION ] INIT array (
  'id' => '',
  'var_session_id' => '',
  'prefix' => 'think',
  'type' => '',
  'auto_start' => true,
)
[ info ] [ RUN ] app\admin\controller\Upload->upload[ /VagrantShare/CanadaChild-api/application/admin/controller/Upload.php ]
[ info ] [ LOG ] INIT File
